<?xml version="1.0" encoding="UTF-8"?>
<testsuite xmlns:xsi="http://www.w3.org/2001/XMLSchema-instance" xsi:noNamespaceSchemaLocation="https://maven.apache.org/surefire/maven-surefire-plugin/xsd/surefire-test-report-3.0.xsd" version="3.0" name="SomeTest" time="5.046" tests="1" errors="0" skipped="0" failures="0">
  <properties>
[...]
</properties>
  <testcase name="started" classname="SomeTest" time="0.079">
    <system-out><![CDATA[12:36:16.996 [main] DEBUG org.springframework.test.context.BootstrapUtils - Instantiating CacheAwareContextLoaderDelegate from class [org.springframework.test.context.cache.DefaultCacheAwareContextLoaderDelegate]
12:36:17.000 [main] DEBUG org.springframework.test.context.BootstrapUtils - Instantiating BootstrapContext using constructor [public org.springframework.test.context.support.DefaultBootstrapContext(java.lang.Class,org.springframework.test.context.CacheAwareContextLoaderDelegate)]
12:36:17.014 [main] DEBUG org.springframework.test.context.BootstrapUtils - Instantiating TestContextBootstrapper for test class [SomeTest] from class [org.springframework.boot.test.context.SpringBootTestContextBootstrapper]
12:36:17.018 [main] INFO org.springframework.boot.test.context.SpringBootTestContextBootstrapper - Neither @ContextConfiguration nor @ContextHierarchy found for test class [SomeTest], using SpringBootContextLoader
12:36:17.019 [main] DEBUG org.springframework.test.context.support.AbstractContextLoader - Did not detect default resource location for test class [SomeTest]: class path resource [SomeTest-context.xml] does not exist
12:36:17.019 [main] DEBUG org.springframework.test.context.support.AbstractContextLoader - Did not detect default resource location for test class [SomeTest]: class path resource [SomeTestContext.groovy] does not exist
12:36:17.019 [main] INFO org.springframework.test.context.support.AbstractContextLoader - Could not detect default resource locations for test class [SomeTest]: no resource found for suffixes {-context.xml, Context.groovy}.
12:36:17.038 [main] DEBUG org.springframework.test.context.support.ActiveProfilesUtils - Could not find an 'annotation declaring class' for annotation type [org.springframework.test.context.ActiveProfiles] and class [SomeTest]
12:36:17.083 [main] DEBUG org.springframework.boot.test.context.SpringBootTestContextBootstrapper - @TestExecutionListeners is not present for class [SomeTest]: using defaults.
12:36:17.083 [main] INFO org.springframework.boot.test.context.SpringBootTestContextBootstrapper - Loaded default TestExecutionListener class names from location [META-INF/spring.factories]: [org.springframework.boot.test.mock.mockito.MockitoTestExecutionListener, org.springframework.boot.test.mock.mockito.ResetMocksTestExecutionListener, org.springframework.test.context.web.ServletTestExecutionListener, org.springframework.test.context.support.DirtiesContextBeforeModesTestExecutionListener, org.springframework.test.context.event.ApplicationEventsTestExecutionListener, org.springframework.test.context.support.DependencyInjectionTestExecutionListener, org.springframework.test.context.support.DirtiesContextTestExecutionListener, org.springframework.test.context.transaction.TransactionalTestExecutionListener, org.springframework.test.context.jdbc.SqlScriptsTestExecutionListener, org.springframework.test.context.event.EventPublishingTestExecutionListener, org.springframework.boot.test.autoconfigure.restdocs.RestDocsTestExecutionListener, org.springframework.boot.test.autoconfigure.web.client.MockRestServiceServerResetTestExecutionListener, org.springframework.boot.test.autoconfigure.web.servlet.MockMvcPrintOnlyOnFailureTestExecutionListener, org.springframework.boot.test.autoconfigure.web.servlet.WebDriverTestExecutionListener, org.springframework.boot.test.autoconfigure.webservices.client.MockWebServiceServerTestExecutionListener]
12:36:17.088 [main] INFO org.springframework.boot.test.context.SpringBootTestContextBootstrapper - Using TestExecutionListeners: [org.springframework.test.context.web.ServletTestExecutionListener@60a2630a, org.springframework.test.context.support.DirtiesContextBeforeModesTestExecutionListener@29df4d43, org.springframework.test.context.event.ApplicationEventsTestExecutionListener@5dd91bca, org.springframework.boot.test.mock.mockito.MockitoTestExecutionListener@40cb698e, org.springframework.boot.test.autoconfigure.SpringBootDependencyInjectionTestExecutionListener@3382f8ae, org.springframework.test.context.support.DirtiesContextTestExecutionListener@60641ec8, org.springframework.test.context.transaction.TransactionalTestExecutionListener@75f65e45, org.springframework.test.context.jdbc.SqlScriptsTestExecutionListener@6eeade6c, org.springframework.test.context.event.EventPublishingTestExecutionListener@4a891c97, org.springframework.boot.test.mock.mockito.ResetMocksTestExecutionListener@a5bd950, org.springframework.boot.test.autoconfigure.restdocs.RestDocsTestExecutionListener@4d18aa28, org.springframework.boot.test.autoconfigure.web.client.MockRestServiceServerResetTestExecutionListener@75390459, org.springframework.boot.test.autoconfigure.web.servlet.MockMvcPrintOnlyOnFailureTestExecutionListener@7756c3cd, org.springframework.boot.test.autoconfigure.web.servlet.WebDriverTestExecutionListener@2313052e, org.springframework.boot.test.autoconfigure.webservices.client.MockWebServiceServerTestExecutionListener@2bd2b28e]
12:36:17.090 [main] DEBUG org.springframework.test.context.support.AbstractDirtiesContextTestExecutionListener - Before test class: context [DefaultTestContext@2b5825fa testClass = SomeTest, testInstance = [null], testMethod = [null], testException = [null], mergedContextConfiguration = [WebMergedContextConfiguration@53d1b9b3 testClass = SomeTest, locations = '{}', classes = '{class AbstractTestConfiguration$BaseConfiguration}', contextInitializerClasses = '[]', activeProfiles = '{}', propertySourceLocations = '{}', propertySourceProperties = '{org.springframework.boot.test.context.SpringBootTestContextBootstrapper=true}', contextCustomizers = set[[ImportsContextCustomizer@2cae1042 key = [@org.springframework.boot.test.context.SpringBootTest(args={}, webEnvironment=DEFINED_PORT, value={}, properties={}, classes={AbstractTestConfiguration$BaseConfiguration.class}), @org.springframework.boot.autoconfigure.EnableAutoConfiguration(exclude={}, excludeName={}), @org.springframework.context.annotation.Import({org.springframework.boot.autoconfigure.AutoConfigurationImportSelector.class}), @org.springframework.context.annotation.Import({org.springframework.boot.autoconfigure.AutoConfigurationPackages$Registrar.class}), @org.springframework.boot.autoconfigure.AutoConfigurationPackage(basePackages={}, basePackageClasses={}), @org.springframework.test.context.BootstrapWith(org.springframework.boot.test.context.SpringBootTestContextBootstrapper.class), @org.springframework.test.annotation.DirtiesContext(hierarchyMode=EXHAUSTIVE, methodMode=AFTER_METHOD, classMode=BEFORE_CLASS)]], org.springframework.boot.test.context.filter.ExcludeFilterContextCustomizer@345f69f3, org.springframework.boot.test.json.DuplicateJsonObjectContextCustomizerFactory$DuplicateJsonObjectContextCustomizer@1e8b7643, org.springframework.boot.test.mock.mockito.MockitoContextCustomizer@0, org.springframework.boot.test.web.client.TestRestTemplateContextCustomizer@1efe439d, org.springframework.boot.test.autoconfigure.actuate.metrics.MetricsExportContextCustomizerFactory$DisableMetricExportContextCustomizer@1339e7aa, org.springframework.boot.test.autoconfigure.properties.PropertyMappingContextCustomizer@0, org.springframework.boot.test.autoconfigure.web.servlet.WebDriverContextCustomizerFactory$Customizer@132e0cc, org.springframework.boot.test.context.SpringBootTestArgs@1, org.springframework.boot.test.context.SpringBootTestWebEnvironment@14cd1699], resourceBasePath = 'src/main/webapp', contextLoader = 'org.springframework.boot.test.context.SpringBootContextLoader', parent = [null]], attributes = map['org.springframework.test.context.web.ServletTestExecutionListener.activateListener' -> false]], class annotated with @DirtiesContext [true] with mode [BEFORE_CLASS].
12:36:17.107 [main] INFO io.zonky.test.db.postgres.embedded.EmbeddedPostgres - Detected a Darwin aarch64 system
12:36:17.108 [main] INFO io.zonky.test.db.postgres.embedded.DefaultPostgresBinaryResolver - Detected distribution: 'Unknown'
12:36:17.109 [main] WARN io.zonky.test.db.postgres.embedded.DefaultPostgresBinaryResolver - No native binaries supporting aarch64 architecture found. Trying to use binaries for amd64 architecture instead: 'postgres-darwin-x86_64.txz'. Make sure you have Rosetta 2 emulation enabled. Note that performance may be degraded.
12:36:17.181 [main] INFO io.zonky.test.db.postgres.embedded.EmbeddedPostgres - Extracting Postgres...
12:36:19.503 [main] INFO io.zonky.test.db.postgres.embedded.EmbeddedPostgres - Postgres binaries at /var/folders/9k/5b7bpgv54f3fq5k66m8yz3p00000gn/T/embedded-pg/PG-95baeb96ab6751ea71c17b280cad95e9
12:36:19.553 [initdb:pid(78829)] INFO io.zonky.test.db.postgres.embedded.EmbeddedPostgres - The files belonging to this database system will be owned by user "daniil".
12:36:19.554 [initdb:pid(78829)] INFO io.zonky.test.db.postgres.embedded.EmbeddedPostgres - This user must also own the server process.
12:36:19.554 [initdb:pid(78829)] INFO io.zonky.test.db.postgres.embedded.EmbeddedPostgres - 
12:36:19.554 [initdb:pid(78829)] INFO io.zonky.test.db.postgres.embedded.EmbeddedPostgres - The database cluster will be initialized with locale "ru_RU.UTF-8".
12:36:19.554 [initdb:pid(78829)] INFO io.zonky.test.db.postgres.embedded.EmbeddedPostgres - The default text search configuration will be set to "russian".
12:36:19.554 [initdb:pid(78829)] INFO io.zonky.test.db.postgres.embedded.EmbeddedPostgres - 
12:36:19.554 [initdb:pid(78829)] INFO io.zonky.test.db.postgres.embedded.EmbeddedPostgres - Data page checksums are disabled.
12:36:19.554 [initdb:pid(78829)] INFO io.zonky.test.db.postgres.embedded.EmbeddedPostgres - 
12:36:19.554 [initdb:pid(78829)] INFO io.zonky.test.db.postgres.embedded.EmbeddedPostgres - fixing permissions on existing directory /var/folders/9k/5b7bpgv54f3fq5k66m8yz3p00000gn/T/epg16102085508482002459 ... ok
12:36:19.554 [initdb:pid(78829)] INFO io.zonky.test.db.postgres.embedded.EmbeddedPostgres - creating subdirectories ... ok
12:36:19.554 [initdb:pid(78829)] INFO io.zonky.test.db.postgres.embedded.EmbeddedPostgres - selecting dynamic shared memory implementation ... posix
12:36:19.566 [initdb:pid(78829)] INFO io.zonky.test.db.postgres.embedded.EmbeddedPostgres - selecting default max_connections ... 100
12:36:19.576 [initdb:pid(78829)] INFO io.zonky.test.db.postgres.embedded.EmbeddedPostgres - selecting default shared_buffers ... 128MB
12:36:19.578 [initdb:pid(78829)] INFO io.zonky.test.db.postgres.embedded.EmbeddedPostgres - selecting default time zone ... Europe/Moscow
12:36:19.579 [initdb:pid(78829)] INFO io.zonky.test.db.postgres.embedded.EmbeddedPostgres - creating configuration files ... ok
12:36:19.678 [initdb:pid(78829)] INFO io.zonky.test.db.postgres.embedded.EmbeddedPostgres - running bootstrap script ... ok
12:36:19.969 [initdb:pid(78829)] INFO io.zonky.test.db.postgres.embedded.EmbeddedPostgres - performing post-bootstrap initialization ... ok
12:36:19.984 [initdb:pid(78829)] INFO io.zonky.test.db.postgres.embedded.EmbeddedPostgres - syncing data to disk ... ok
12:36:19.984 [initdb:pid(78829)] INFO io.zonky.test.db.postgres.embedded.EmbeddedPostgres - 
12:36:19.984 [initdb:pid(78829)] INFO io.zonky.test.db.postgres.embedded.EmbeddedPostgres - Success. You can now start the database server using:
12:36:19.984 [initdb:pid(78829)] INFO io.zonky.test.db.postgres.embedded.EmbeddedPostgres - 
12:36:19.984 [initdb:pid(78829)] INFO io.zonky.test.db.postgres.embedded.EmbeddedPostgres -     /var/folders/9k/5b7bpgv54f3fq5k66m8yz3p00000gn/T/embedded-pg/PG-95baeb96ab6751ea71c17b280cad95e9/bin/pg_ctl -D /var/folders/9k/5b7bpgv54f3fq5k66m8yz3p00000gn/T/epg16102085508482002459 -l logfile start
12:36:19.984 [initdb:pid(78829)] INFO io.zonky.test.db.postgres.embedded.EmbeddedPostgres - 
12:36:19.984 [main] INFO io.zonky.test.db.postgres.embedded.EmbeddedPostgres - 438f1246-e081-4d38-8bdb-a2faf8e630f0 initdb completed in 00:00:00.479
12:36:19.989 [main] INFO io.zonky.test.db.postgres.embedded.EmbeddedPostgres - 438f1246-e081-4d38-8bdb-a2faf8e630f0 postmaster started as Process[pid=78840, exitValue="not exited"] on port 5432.  Waiting up to PT10S for server startup to finish.
12:36:20.012 [postgres:pid(78840)] INFO io.zonky.test.db.postgres.embedded.EmbeddedPostgres - waiting for server to start....2024-06-04 12:36:20.011 MSK [78842] LOG:  starting PostgreSQL 14.8 on x86_64-apple-darwin20.6.0, compiled by Apple clang version 12.0.0 (clang-1200.0.32.29), 64-bit
12:36:20.013 [postgres:pid(78840)] INFO io.zonky.test.db.postgres.embedded.EmbeddedPostgres - 2024-06-04 12:36:20.013 MSK [78842] LOG:  listening on IPv6 address "::1", port 5432
12:36:20.013 [postgres:pid(78840)] INFO io.zonky.test.db.postgres.embedded.EmbeddedPostgres - 2024-06-04 12:36:20.013 MSK [78842] LOG:  listening on IPv4 address "127.0.0.1", port 5432
12:36:20.013 [postgres:pid(78840)] INFO io.zonky.test.db.postgres.embedded.EmbeddedPostgres - 2024-06-04 12:36:20.013 MSK [78842] LOG:  listening on Unix socket "/tmp/.s.PGSQL.5432"
12:36:20.015 [postgres:pid(78840)] INFO io.zonky.test.db.postgres.embedded.EmbeddedPostgres - 2024-06-04 12:36:20.015 MSK [78843] LOG:  database system was shut down at 2024-06-04 12:36:19 MSK
12:36:20.016 [postgres:pid(78840)] INFO io.zonky.test.db.postgres.embedded.EmbeddedPostgres - 2024-06-04 12:36:20.016 MSK [78842] LOG:  database system is ready to accept connections
12:36:20.105 [postgres:pid(78840)] INFO io.zonky.test.db.postgres.embedded.EmbeddedPostgres -  done
12:36:20.105 [postgres:pid(78840)] INFO io.zonky.test.db.postgres.embedded.EmbeddedPostgres - server started
12:36:20.145 [main] INFO io.zonky.test.db.postgres.embedded.EmbeddedPostgres - 438f1246-e081-4d38-8bdb-a2faf8e630f0 postmaster startup finished in 00:00:00.160
12:36:20.149 [main] DEBUG org.springframework.test.context.support.DependencyInjectionTestExecutionListener - Performing dependency injection for test context [[DefaultTestContext@2b5825fa testClass = SomeTest, testInstance = SomeTest@425357dd, testMethod = [null], testException = [null], mergedContextConfiguration = [WebMergedContextConfiguration@53d1b9b3 testClass = SomeTest, locations = '{}', classes = '{class AbstractTestConfiguration$BaseConfiguration}', contextInitializerClasses = '[]', activeProfiles = '{}', propertySourceLocations = '{}', propertySourceProperties = '{org.springframework.boot.test.context.SpringBootTestContextBootstrapper=true}', contextCustomizers = set[[ImportsContextCustomizer@2cae1042 key = [@org.springframework.boot.test.context.SpringBootTest(args={}, webEnvironment=DEFINED_PORT, value={}, properties={}, classes={AbstractTestConfiguration$BaseConfiguration.class}), @org.springframework.boot.autoconfigure.EnableAutoConfiguration(exclude={}, excludeName={}), @org.springframework.context.annotation.Import({org.springframework.boot.autoconfigure.AutoConfigurationImportSelector.class}), @org.springframework.context.annotation.Import({org.springframework.boot.autoconfigure.AutoConfigurationPackages$Registrar.class}), @org.springframework.boot.autoconfigure.AutoConfigurationPackage(basePackages={}, basePackageClasses={}), @org.springframework.test.context.BootstrapWith(org.springframework.boot.test.context.SpringBootTestContextBootstrapper.class), @org.springframework.test.annotation.DirtiesContext(hierarchyMode=EXHAUSTIVE, methodMode=AFTER_METHOD, classMode=BEFORE_CLASS)]], org.springframework.boot.test.context.filter.ExcludeFilterContextCustomizer@345f69f3, org.springframework.boot.test.json.DuplicateJsonObjectContextCustomizerFactory$DuplicateJsonObjectContextCustomizer@1e8b7643, org.springframework.boot.test.mock.mockito.MockitoContextCustomizer@0, org.springframework.boot.test.web.client.TestRestTemplateContextCustomizer@1efe439d, org.springframework.boot.test.autoconfigure.actuate.metrics.MetricsExportContextCustomizerFactory$DisableMetricExportContextCustomizer@1339e7aa, org.springframework.boot.test.autoconfigure.properties.PropertyMappingContextCustomizer@0, org.springframework.boot.test.autoconfigure.web.servlet.WebDriverContextCustomizerFactory$Customizer@132e0cc, org.springframework.boot.test.context.SpringBootTestArgs@1, org.springframework.boot.test.context.SpringBootTestWebEnvironment@14cd1699], resourceBasePath = 'src/main/webapp', contextLoader = 'org.springframework.boot.test.context.SpringBootContextLoader', parent = [null]], attributes = map['org.springframework.test.context.web.ServletTestExecutionListener.activateListener' -> false, 'org.springframework.test.context.support.DependencyInjectionTestExecutionListener.reinjectDependencies' -> true, 'org.springframework.test.context.event.ApplicationEventsTestExecutionListener.recordApplicationEvents' -> false]]].

  .   ____          _            __ _ _
 /\\ / ___'_ __ _ _(_)_ __  __ _ \ \ \ \
( ( )\___ | '_ | '_| | '_ \/ _` | \ \ \ \
 \\/  ___)| |_)| | | | | || (_| |  ) ) ) )
  '  |____| .__|_| |_|_| |_\__, | / / / /
 =========|_|==============|___/=/_/_/_/
 :: Spring Boot ::                (v2.6.4)

2024-06-04 12:36:20.290  INFO 78817 --- [           main] SomeTest                                 : Starting SomeTest using Java 17.0.10 on Air-Daniil with PID 78817 (started by daniil in /Users/daniil/VSCodeProjects/ClassNotFoundException/demo)
2024-06-04 12:36:20.290  INFO 78817 --- [           main] SomeTest                                 : No active profile set, falling back to 1 default profile: "default"
2024-06-04 12:36:20.502  INFO 78817 --- [           main] .s.d.r.c.RepositoryConfigurationDelegate : Bootstrapping Spring Data JPA repositories in DEFAULT mode.
2024-06-04 12:36:20.519  INFO 78817 --- [           main] .s.d.r.c.RepositoryConfigurationDelegate : Finished Spring Data repository scanning in 14 ms. Found 1 JPA repository interfaces.
2024-06-04 12:36:20.878  INFO 78817 --- [           main] o.s.b.w.embedded.tomcat.TomcatWebServer  : Tomcat initialized with port(s): 8080 (http)
2024-06-04 12:36:20.883  INFO 78817 --- [           main] o.apache.catalina.core.StandardService   : Starting service [Tomcat]
2024-06-04 12:36:20.883  INFO 78817 --- [           main] org.apache.catalina.core.StandardEngine  : Starting Servlet engine: [Apache Tomcat/9.0.58]
2024-06-04 12:36:20.923  INFO 78817 --- [           main] o.a.c.c.C.[Tomcat].[localhost].[/]       : Initializing Spring embedded WebApplicationContext
2024-06-04 12:36:20.923  INFO 78817 --- [           main] w.s.c.ServletWebServerApplicationContext : Root WebApplicationContext: initialization completed in 625 ms
2024-06-04 12:36:21.098  INFO 78817 --- [           main] com.zaxxer.hikari.HikariDataSource       : HikariPool-1 - Starting...
2024-06-04 12:36:21.107  INFO 78817 --- [           main] com.zaxxer.hikari.HikariDataSource       : HikariPool-1 - Start completed.
2024-06-04 12:36:21.133  INFO 78817 --- [           main] o.hibernate.jpa.internal.util.LogHelper  : HHH000204: Processing PersistenceUnitInfo [name: default]
2024-06-04 12:36:21.151  INFO 78817 --- [           main] org.hibernate.Version                    : HHH000412: Hibernate ORM core version 5.6.5.Final
2024-06-04 12:36:21.213  INFO 78817 --- [           main] o.hibernate.annotations.common.Version   : HCANN000001: Hibernate Commons Annotations {5.1.2.Final}
2024-06-04 12:36:21.260  INFO 78817 --- [           main] org.hibernate.dialect.Dialect            : HHH000400: Using dialect: org.hibernate.dialect.PostgreSQL10Dialect
2024-06-04 12:36:21.460  INFO 78817 --- [           main] o.h.e.t.j.p.i.JtaPlatformInitiator       : HHH000490: Using JtaPlatform implementation: [org.hibernate.engine.transaction.jta.platform.internal.NoJtaPlatform]
2024-06-04 12:36:21.464  INFO 78817 --- [           main] j.LocalContainerEntityManagerFactoryBean : Initialized JPA EntityManagerFactory for persistence unit 'default'
2024-06-04 12:36:21.844  INFO 78817 --- [           main] o.s.b.a.e.web.EndpointLinksResolver      : Exposing 1 endpoint(s) beneath base path '/actuator'
2024-06-04 12:36:21.884  INFO 78817 --- [           main] o.s.b.w.embedded.tomcat.TomcatWebServer  : Tomcat started on port(s): 8080 (http) with context path ''
2024-06-04 12:36:21.893  INFO 78817 --- [           main] SomeTest                                 : Started SomeTest in 1.736 seconds (JVM running for 5.178)
Hello World
]]></system-out>
  </testcase>
</testsuite>